<?xml version="1.0" encoding="UTF-8"?>
<testsuites name="ETLCases" time="69" tests="1" failures="1" errors="0">
   <testsuite name="ETLCases" tests="1" failures="1" errors="0" time="69" timestamp="2019-12-07 08:23:59" hostname="chandu.t - wlpt518.imidomain.com" id="Test Suites/ETLCases">
      <properties>
         <property name="deviceName" value=""/>
         <property name="devicePlatform" value=""/>
         <property name="logFolder" value="C:\\Users\\chandu.t\\Katalon Studio\\QB_Automation\\Reports\\ETLCases\\20191207_082356"/>
         <property name="logFiles" value="C:\\Users\\chandu.t\\Katalon Studio\\QB_Automation\\Reports\\ETLCases\\20191207_082356\\execution0.log"/>
         <property name="attachments" value="C:\\Users\\chandu.t\\Katalon Studio\\QB_Automation\\Reports\\ETLCases\\20191207_082356\\1575687275170.png, C:\\Users\\chandu.t\\Katalon Studio\\QB_Automation\\Reports\\ETLCases\\20191207_082356\\1575687307416.png"/>
         <property name="hostName" value="chandu.t - wlpt518.imidomain.com"/>
         <property name="os" value="Windows 10 64bit"/>
         <property name="katalonVersion" value="5.8.2.1"/>
         <property name="browser" value="Chrome 78.0.3904.108"/>
         <property name="hostAddress" value="172.16.41.37"/>
         <property name="sessionId" value="e234b5a8ae6f4920da021edfd7a0046b"/>
         <property name="seleniumVersion" value="3.7.1"/>
         <property name="proxyInformation" value="ProxyInformation{proxyOption=NO_PROXY, proxyServerType=HTTP, password=, proxyServerAddress=, proxyServerPort=0}"/>
         <property name="platform" value="Windows 10"/>
      </properties>
      <testcase name="Test Cases/BasicETL" classname="Test Cases/BasicETL" status="PASSED">
         <system-out><![CDATA[2019-12-07 08:23:59 - [TEST_CASE][PASSED] - Test Cases/BasicETL: Test Cases/BasicETL

2019-12-07 08:24:00 - [TEST_STEP][PASSED] - openBrowser: Browser is opened with url: 'https://touchstone1.imicampaign.io/BMSUI'

2019-12-07 08:24:08 - [MESSAGE][PASSED] - Browser is opened with url: 'https://touchstone1.imicampaign.io/BMSUI'

2019-12-07 08:24:08 - [TEST_STEP][PASSED] - maximizeWindow: Current window maximized

2019-12-07 08:24:09 - [MESSAGE][PASSED] - Current window maximized

2019-12-07 08:24:09 - [TEST_STEP][PASSED] - setText: Text 'chandu.t@imimobile.com' is set on object 'Object Repository/Page_IMIcampaign/Username'

2019-12-07 08:24:10 - [MESSAGE][PASSED] - Text 'chandu.t@imimobile.com' is set on object 'Object Repository/Page_IMIcampaign/Username'

2019-12-07 08:24:10 - [TEST_STEP][PASSED] - setText: Text 'Qazwsxedc!123' is set on object 'Object Repository/Page_IMIcampaign/Password'

2019-12-07 08:24:10 - [MESSAGE][PASSED] - Text 'Qazwsxedc!123' is set on object 'Object Repository/Page_IMIcampaign/Password'

2019-12-07 08:24:10 - [TEST_STEP][PASSED] - click: Object: 'Object Repository/Page_IMIcampaign/Signin' is clicked on

2019-12-07 08:24:13 - [MESSAGE][PASSED] - Object: 'Object Repository/Page_IMIcampaign/Signin' is clicked on

2019-12-07 08:24:13 - [TEST_STEP][PASSED] - click: Object: 'Object Repository/Page_IMIcampaign/DataManagementButton' is clicked on

2019-12-07 08:24:16 - [MESSAGE][PASSED] - Object: 'Object Repository/Page_IMIcampaign/DataManagementButton' is clicked on

2019-12-07 08:24:16 - [TEST_STEP][PASSED] - mouseOver: Object: 'Object Repository/Page_IMIcampaign/DataIngestionButton' is hovered

2019-12-07 08:24:16 - [MESSAGE][PASSED] - Object: 'Object Repository/Page_IMIcampaign/DataIngestionButton' is hovered

2019-12-07 08:24:16 - [TEST_STEP][PASSED] - click: Object: 'Object Repository/Page_IMIcampaign/FeedETLButton' is clicked on

2019-12-07 08:24:17 - [MESSAGE][PASSED] - Object: 'Object Repository/Page_IMIcampaign/FeedETLButton' is clicked on

2019-12-07 08:24:17 - [TEST_STEP][PASSED] - click: Object: 'Object Repository/Page_IMIcampaign/AddNewETLButton' is clicked on

2019-12-07 08:24:18 - [MESSAGE][PASSED] - Object: 'Object Repository/Page_IMIcampaign/AddNewETLButton' is clicked on

2019-12-07 08:24:18 - [TEST_STEP][PASSED] - delay: Delayed 5 second(s)

2019-12-07 08:24:23 - [MESSAGE][PASSED] - Delayed 5 second(s)

2019-12-07 08:24:23 - [TEST_STEP][PASSED] - setText: Text 'ETL_Basic_201912070824' is set on object 'Object Repository/Page_IMIcampaign/DataStoreName'

2019-12-07 08:24:25 - [MESSAGE][PASSED] - Text 'ETL_Basic_201912070824' is set on object 'Object Repository/Page_IMIcampaign/DataStoreName'

2019-12-07 08:24:25 - [TEST_STEP][PASSED] - setText: Text 'Every 60 Minutes' is set on object 'Object Repository/Page_IMIcampaign/ETLSchedule'

2019-12-07 08:24:26 - [MESSAGE][PASSED] - Text 'Every 60 Minutes' is set on object 'Object Repository/Page_IMIcampaign/ETLSchedule'

2019-12-07 08:24:26 - [TEST_STEP][PASSED] - setText: Text '/apps/datafiles_1/PM/TESTDATA/ETLFiles/BasicETL/201912070824/' is set on object 'Object Repository/Page_IMIcampaign/DataStoreLocation'

2019-12-07 08:24:28 - [MESSAGE][PASSED] - Text '/apps/datafiles_1/PM/TESTDATA/ETLFiles/BasicETL/201912070824/' is set on object 'Object Repository/Page_IMIcampaign/DataStoreLocation'

2019-12-07 08:24:28 - [TEST_STEP][PASSED] - click: Object: 'Object Repository/Page_IMIcampaign/BrowseSampleFileAccordion' is clicked on

2019-12-07 08:24:28 - [MESSAGE][PASSED] - Object: 'Object Repository/Page_IMIcampaign/BrowseSampleFileAccordion' is clicked on

2019-12-07 08:24:28 - [TEST_STEP][PASSED] - uploadFile: File 'C:\Users\chandu.t\Desktop\ETLFiles\BasicETL\basictg.txt' sent to object: 'Object Repository/Page_IMIcampaign/UploadComputerFile'

2019-12-07 08:24:29 - [MESSAGE][PASSED] - File 'C:\Users\chandu.t\Desktop\ETLFiles\BasicETL\basictg.txt' sent to object: 'Object Repository/Page_IMIcampaign/UploadComputerFile'

2019-12-07 08:24:29 - [TEST_STEP][PASSED] - delay: Delayed 2 second(s)

2019-12-07 08:24:31 - [MESSAGE][PASSED] - Delayed 2 second(s)

2019-12-07 08:24:31 - [TEST_STEP][PASSED] - click: Object: 'Object Repository/Page_IMIcampaign/SaveETL' is clicked on

2019-12-07 08:24:32 - [MESSAGE][PASSED] - Object: 'Object Repository/Page_IMIcampaign/SaveETL' is clicked on

2019-12-07 08:24:32 - [TEST_STEP][PASSED] - delay: Delayed 3 second(s)

2019-12-07 08:24:35 - [MESSAGE][PASSED] - Delayed 3 second(s)

2019-12-07 08:24:35 - [TEST_STEP][PASSED] - takeScreenshot: Taking screenshot successfully

2019-12-07 08:24:35 - [MESSAGE][PASSED] - Taking screenshot successfully
[[ATTACHMENT|C:\\Users\\chandu.t\\Katalon Studio\\QB_Automation\\Reports\\ETLCases\\20191207_082356\\1575687275170.png]]

2019-12-07 08:24:35 - [TEST_STEP][PASSED] - closeBrowser: Browser is closed

2019-12-07 08:24:36 - [MESSAGE][PASSED] - Browser is closed]]></system-out>
         <system-err><![CDATA[]]></system-err>
      </testcase>
      <testcase name="Test Cases/ETLFlushLoad" classname="Test Cases/ETLFlushLoad" status="FAILED">
         <failure type="FAILED" message="(Stack trace: com.kms.katalon.core.exception.StepFailedException: Unable to click on object 'Object Repository/Page_IMIcampaign/FlushBeforeLoadButton' (Root cause: org.openqa.selenium.ElementNotVisibleException: element not visible
  (Session info: chrome=78.0.3904.108)
  (Driver info: chromedriver=2.35.528161 (5b82f2d2aae0ca24b877009200ced9065a772e73),platform=Windows NT 10.0.17134 x86_64) (WARNING: The server did not provide any stacktrace information)
Command duration or timeout: 0 milliseconds
Build info: version: '3.7.1', revision: '8a0099a', time: '2017-11-06T21:07:36.161Z'
System info: host: 'WLPT518', ip: '172.16.41.37', os.name: 'Windows 10', os.arch: 'amd64', os.version: '10.0', java.version: '1.8.0_181'
Driver info: com.kms.katalon.selenium.driver.CChromeDriver
Capabilities {acceptInsecureCerts: false, acceptSslCerts: false, applicationCacheEnabled: false, browserConnectionEnabled: false, browserName: chrome, chrome: {chromedriverVersion: 2.35.528161 (5b82f2d2aae0ca..., userDataDir: C:\Users\chandu.t\AppData\L...}, cssSelectorsEnabled: true, databaseEnabled: false, handlesAlerts: true, hasTouchScreen: false, javascriptEnabled: true, locationContextEnabled: true, mobileEmulationEnabled: false, nativeEvents: true, networkConnectionEnabled: false, pageLoadStrategy: normal, platform: XP, platformName: XP, rotatable: false, setWindowRect: true, takesHeapSnapshot: true, takesScreenshot: true, unexpectedAlertBehaviour: , unhandledPromptBehavior: , version: 78.0.3904.108, webStorageEnabled: true}
Session ID: e234b5a8ae6f4920da021edfd7a0046b)
	at com.kms.katalon.core.keyword.internal.KeywordMain.stepFailed(KeywordMain.groovy:36)
	at com.kms.katalon.core.webui.keyword.internal.WebUIKeywordMain.stepFailed(WebUIKeywordMain.groovy:65)
	at com.kms.katalon.core.webui.keyword.internal.WebUIKeywordMain.runKeyword(WebUIKeywordMain.groovy:27)
	at com.kms.katalon.core.webui.keyword.builtin.ClickKeyword.click(ClickKeyword.groovy:86)
	at com.kms.katalon.core.webui.keyword.builtin.ClickKeyword.execute(ClickKeyword.groovy:67)
	at com.kms.katalon.core.keyword.internal.KeywordExecutor.executeKeywordForPlatform(KeywordExecutor.groovy:53)
	at com.kms.katalon.core.webui.keyword.WebUiBuiltInKeywords.click(WebUiBuiltInKeywords.groovy:616)
	at com.kms.katalon.core.webui.keyword.WebUiBuiltInKeywords$click$2.call(Unknown Source)
	at org.codehaus.groovy.runtime.callsite.CallSiteArray.defaultCall(CallSiteArray.java:48)
	at org.codehaus.groovy.runtime.callsite.AbstractCallSite.call(AbstractCallSite.java:113)
	at org.codehaus.groovy.runtime.callsite.AbstractCallSite.call(AbstractCallSite.java:125)
	at Script1575628954574.run(Script1575628954574.groovy:50)
	at com.kms.katalon.core.main.ScriptEngine.run(ScriptEngine.java:183)
	at com.kms.katalon.core.main.ScriptEngine.runScriptAsRawText(ScriptEngine.java:108)
	at com.kms.katalon.core.main.TestCaseExecutor.runScript(TestCaseExecutor.java:294)
	at com.kms.katalon.core.main.TestCaseExecutor.doExecute(TestCaseExecutor.java:285)
	at com.kms.katalon.core.main.TestCaseExecutor.processExecutionPhase(TestCaseExecutor.java:264)
	at com.kms.katalon.core.main.TestCaseExecutor.accessMainPhase(TestCaseExecutor.java:256)
	at com.kms.katalon.core.main.TestCaseExecutor.execute(TestCaseExecutor.java:200)
	at com.kms.katalon.core.main.TestSuiteExecutor.accessTestCaseMainPhase(TestSuiteExecutor.java:129)
	at com.kms.katalon.core.main.TestSuiteExecutor.accessTestSuiteMainPhase(TestSuiteExecutor.java:112)
	at com.kms.katalon.core.main.TestSuiteExecutor.execute(TestSuiteExecutor.java:81)
	at com.kms.katalon.core.main.TestCaseMain.startTestSuite(TestCaseMain.java:142)
	at com.kms.katalon.core.main.TestCaseMain$startTestSuite$0.call(Unknown Source)
	at org.codehaus.groovy.runtime.callsite.CallSiteArray.defaultCall(CallSiteArray.java:48)
	at org.codehaus.groovy.runtime.callsite.AbstractCallSite.call(AbstractCallSite.java:113)
	at org.codehaus.groovy.runtime.callsite.AbstractCallSite.call(AbstractCallSite.java:141)
	at TempTestSuite1575687236185.run(TempTestSuite1575687236185.groovy:36)
	at groovy.lang.GroovyShell.runScriptOrMainOrTestOrRunnable(GroovyShell.java:263)
	at groovy.lang.GroovyShell.run(GroovyShell.java:518)
	at groovy.lang.GroovyShell.run(GroovyShell.java:507)
	at groovy.ui.GroovyMain.processOnce(GroovyMain.java:653)
	at groovy.ui.GroovyMain.run(GroovyMain.java:384)
	at groovy.ui.GroovyMain.process(GroovyMain.java:370)
	at groovy.ui.GroovyMain.processArgs(GroovyMain.java:129)
	at groovy.ui.GroovyMain.main(GroovyMain.java:109)
	at sun.reflect.NativeMethodAccessorImpl.invoke0(Native Method)
	at sun.reflect.NativeMethodAccessorImpl.invoke(NativeMethodAccessorImpl.java:62)
	at sun.reflect.DelegatingMethodAccessorImpl.invoke(DelegatingMethodAccessorImpl.java:43)
	at java.lang.reflect.Method.invoke(Method.java:498)
	at org.codehaus.groovy.tools.GroovyStarter.rootLoader(GroovyStarter.java:109)
	at org.codehaus.groovy.tools.GroovyStarter.main(GroovyStarter.java:131)
)"/>
         <system-out><![CDATA[2019-12-07 08:24:36 - [TEST_CASE][FAILED] - Test Cases/ETLFlushLoad: Test Cases/ETLFlushLoad FAILED because (of) (Stack trace: com.kms.katalon.core.exception.StepFailedException: Unable to click on object 'Object Repository/Page_IMIcampaign/FlushBeforeLoadButton' (Root cause: org.openqa.selenium.ElementNotVisibleException: element not visible
  (Session info: chrome=78.0.3904.108)
  (Driver info: chromedriver=2.35.528161 (5b82f2d2aae0ca24b877009200ced9065a772e73),platform=Windows NT 10.0.17134 x86_64) (WARNING: The server did not provide any stacktrace information)
Command duration or timeout: 0 milliseconds
Build info: version: '3.7.1', revision: '8a0099a', time: '2017-11-06T21:07:36.161Z'
System info: host: 'WLPT518', ip: '172.16.41.37', os.name: 'Windows 10', os.arch: 'amd64', os.version: '10.0', java.version: '1.8.0_181'
Driver info: com.kms.katalon.selenium.driver.CChromeDriver
Capabilities {acceptInsecureCerts: false, acceptSslCerts: false, applicationCacheEnabled: false, browserConnectionEnabled: false, browserName: chrome, chrome: {chromedriverVersion: 2.35.528161 (5b82f2d2aae0ca..., userDataDir: C:\Users\chandu.t\AppData\L...}, cssSelectorsEnabled: true, databaseEnabled: false, handlesAlerts: true, hasTouchScreen: false, javascriptEnabled: true, locationContextEnabled: true, mobileEmulationEnabled: false, nativeEvents: true, networkConnectionEnabled: false, pageLoadStrategy: normal, platform: XP, platformName: XP, rotatable: false, setWindowRect: true, takesHeapSnapshot: true, takesScreenshot: true, unexpectedAlertBehaviour: , unhandledPromptBehavior: , version: 78.0.3904.108, webStorageEnabled: true}
Session ID: e234b5a8ae6f4920da021edfd7a0046b)
	at com.kms.katalon.core.keyword.internal.KeywordMain.stepFailed(KeywordMain.groovy:36)
	at com.kms.katalon.core.webui.keyword.internal.WebUIKeywordMain.stepFailed(WebUIKeywordMain.groovy:65)
	at com.kms.katalon.core.webui.keyword.internal.WebUIKeywordMain.runKeyword(WebUIKeywordMain.groovy:27)
	at com.kms.katalon.core.webui.keyword.builtin.ClickKeyword.click(ClickKeyword.groovy:86)
	at com.kms.katalon.core.webui.keyword.builtin.ClickKeyword.execute(ClickKeyword.groovy:67)
	at com.kms.katalon.core.keyword.internal.KeywordExecutor.executeKeywordForPlatform(KeywordExecutor.groovy:53)
	at com.kms.katalon.core.webui.keyword.WebUiBuiltInKeywords.click(WebUiBuiltInKeywords.groovy:616)
	at com.kms.katalon.core.webui.keyword.WebUiBuiltInKeywords$click$2.call(Unknown Source)
	at org.codehaus.groovy.runtime.callsite.CallSiteArray.defaultCall(CallSiteArray.java:48)
	at org.codehaus.groovy.runtime.callsite.AbstractCallSite.call(AbstractCallSite.java:113)
	at org.codehaus.groovy.runtime.callsite.AbstractCallSite.call(AbstractCallSite.java:125)
	at Script1575628954574.run(Script1575628954574.groovy:50)
	at com.kms.katalon.core.main.ScriptEngine.run(ScriptEngine.java:183)
	at com.kms.katalon.core.main.ScriptEngine.runScriptAsRawText(ScriptEngine.java:108)
	at com.kms.katalon.core.main.TestCaseExecutor.runScript(TestCaseExecutor.java:294)
	at com.kms.katalon.core.main.TestCaseExecutor.doExecute(TestCaseExecutor.java:285)
	at com.kms.katalon.core.main.TestCaseExecutor.processExecutionPhase(TestCaseExecutor.java:264)
	at com.kms.katalon.core.main.TestCaseExecutor.accessMainPhase(TestCaseExecutor.java:256)
	at com.kms.katalon.core.main.TestCaseExecutor.execute(TestCaseExecutor.java:200)
	at com.kms.katalon.core.main.TestSuiteExecutor.accessTestCaseMainPhase(TestSuiteExecutor.java:129)
	at com.kms.katalon.core.main.TestSuiteExecutor.accessTestSuiteMainPhase(TestSuiteExecutor.java:112)
	at com.kms.katalon.core.main.TestSuiteExecutor.execute(TestSuiteExecutor.java:81)
	at com.kms.katalon.core.main.TestCaseMain.startTestSuite(TestCaseMain.java:142)
	at com.kms.katalon.core.main.TestCaseMain$startTestSuite$0.call(Unknown Source)
	at org.codehaus.groovy.runtime.callsite.CallSiteArray.defaultCall(CallSiteArray.java:48)
	at org.codehaus.groovy.runtime.callsite.AbstractCallSite.call(AbstractCallSite.java:113)
	at org.codehaus.groovy.runtime.callsite.AbstractCallSite.call(AbstractCallSite.java:141)
	at TempTestSuite1575687236185.run(TempTestSuite1575687236185.groovy:36)
	at groovy.lang.GroovyShell.runScriptOrMainOrTestOrRunnable(GroovyShell.java:263)
	at groovy.lang.GroovyShell.run(GroovyShell.java:518)
	at groovy.lang.GroovyShell.run(GroovyShell.java:507)
	at groovy.ui.GroovyMain.processOnce(GroovyMain.java:653)
	at groovy.ui.GroovyMain.run(GroovyMain.java:384)
	at groovy.ui.GroovyMain.process(GroovyMain.java:370)
	at groovy.ui.GroovyMain.processArgs(GroovyMain.java:129)
	at groovy.ui.GroovyMain.main(GroovyMain.java:109)
	at sun.reflect.NativeMethodAccessorImpl.invoke0(Native Method)
	at sun.reflect.NativeMethodAccessorImpl.invoke(NativeMethodAccessorImpl.java:62)
	at sun.reflect.DelegatingMethodAccessorImpl.invoke(DelegatingMethodAccessorImpl.java:43)
	at java.lang.reflect.Method.invoke(Method.java:498)
	at org.codehaus.groovy.tools.GroovyStarter.rootLoader(GroovyStarter.java:109)
	at org.codehaus.groovy.tools.GroovyStarter.main(GroovyStarter.java:131)
)

2019-12-07 08:24:37 - [TEST_STEP][PASSED] - openBrowser: Browser is opened with url: 'https://touchstone1.imicampaign.io/BMSUI'

2019-12-07 08:24:42 - [MESSAGE][PASSED] - Browser is opened with url: 'https://touchstone1.imicampaign.io/BMSUI'

2019-12-07 08:24:42 - [TEST_STEP][PASSED] - maximizeWindow: Current window maximized

2019-12-07 08:24:43 - [MESSAGE][PASSED] - Current window maximized

2019-12-07 08:24:43 - [TEST_STEP][PASSED] - setText: Text 'chandu.t@imimobile.com' is set on object 'Object Repository/Page_IMIcampaign/Username'

2019-12-07 08:24:44 - [MESSAGE][PASSED] - Text 'chandu.t@imimobile.com' is set on object 'Object Repository/Page_IMIcampaign/Username'

2019-12-07 08:24:44 - [TEST_STEP][PASSED] - setText: Text 'Qazwsxedc!123' is set on object 'Object Repository/Page_IMIcampaign/Password'

2019-12-07 08:24:44 - [MESSAGE][PASSED] - Text 'Qazwsxedc!123' is set on object 'Object Repository/Page_IMIcampaign/Password'

2019-12-07 08:24:44 - [TEST_STEP][PASSED] - click: Object: 'Object Repository/Page_IMIcampaign/Signin' is clicked on

2019-12-07 08:24:47 - [MESSAGE][PASSED] - Object: 'Object Repository/Page_IMIcampaign/Signin' is clicked on

2019-12-07 08:24:47 - [TEST_STEP][PASSED] - click: Object: 'Object Repository/Page_IMIcampaign/DataManagementButton' is clicked on

2019-12-07 08:24:50 - [MESSAGE][PASSED] - Object: 'Object Repository/Page_IMIcampaign/DataManagementButton' is clicked on

2019-12-07 08:24:50 - [TEST_STEP][PASSED] - mouseOver: Object: 'Object Repository/Page_IMIcampaign/DataIngestionButton' is hovered

2019-12-07 08:24:50 - [MESSAGE][PASSED] - Object: 'Object Repository/Page_IMIcampaign/DataIngestionButton' is hovered

2019-12-07 08:24:50 - [TEST_STEP][PASSED] - click: Object: 'Object Repository/Page_IMIcampaign/FeedETLButton' is clicked on

2019-12-07 08:24:51 - [MESSAGE][PASSED] - Object: 'Object Repository/Page_IMIcampaign/FeedETLButton' is clicked on

2019-12-07 08:24:51 - [TEST_STEP][PASSED] - click: Object: 'Object Repository/Page_IMIcampaign/AddNewETLButton' is clicked on

2019-12-07 08:24:52 - [MESSAGE][PASSED] - Object: 'Object Repository/Page_IMIcampaign/AddNewETLButton' is clicked on

2019-12-07 08:24:52 - [TEST_STEP][PASSED] - delay: Delayed 5 second(s)

2019-12-07 08:24:57 - [MESSAGE][PASSED] - Delayed 5 second(s)

2019-12-07 08:24:57 - [TEST_STEP][PASSED] - setText: Text 'ETL_Flush_Load_201912070824' is set on object 'Object Repository/Page_IMIcampaign/DataStoreName'

2019-12-07 08:24:58 - [MESSAGE][PASSED] - Text 'ETL_Flush_Load_201912070824' is set on object 'Object Repository/Page_IMIcampaign/DataStoreName'

2019-12-07 08:24:58 - [TEST_STEP][PASSED] - setText: Text 'Every 60 Minutes' is set on object 'Object Repository/Page_IMIcampaign/ETLSchedule'

2019-12-07 08:24:58 - [MESSAGE][PASSED] - Text 'Every 60 Minutes' is set on object 'Object Repository/Page_IMIcampaign/ETLSchedule'

2019-12-07 08:24:59 - [TEST_STEP][PASSED] - setText: Text '/apps/datafiles_1/PM/TESTDATA/ETLFiles/Flush_Load/201912070824/' is set on object 'Object Repository/Page_IMIcampaign/DataStoreLocation'

2019-12-07 08:25:01 - [MESSAGE][PASSED] - Text '/apps/datafiles_1/PM/TESTDATA/ETLFiles/Flush_Load/201912070824/' is set on object 'Object Repository/Page_IMIcampaign/DataStoreLocation'

2019-12-07 08:25:01 - [TEST_STEP][PASSED] - click: Object: 'Object Repository/Page_IMIcampaign/BrowseSampleFileAccordion' is clicked on

2019-12-07 08:25:01 - [MESSAGE][PASSED] - Object: 'Object Repository/Page_IMIcampaign/BrowseSampleFileAccordion' is clicked on

2019-12-07 08:25:01 - [TEST_STEP][PASSED] - uploadFile: File 'C:\Users\chandu.t\Desktop\ETLFiles\Flush_Load\FlushLoad1.txt' sent to object: 'Object Repository/Page_IMIcampaign/UploadComputerFile'

2019-12-07 08:25:01 - [MESSAGE][PASSED] - File 'C:\Users\chandu.t\Desktop\ETLFiles\Flush_Load\FlushLoad1.txt' sent to object: 'Object Repository/Page_IMIcampaign/UploadComputerFile'

2019-12-07 08:25:01 - [TEST_STEP][PASSED] - delay: Delayed 5 second(s)

2019-12-07 08:25:06 - [MESSAGE][PASSED] - Delayed 5 second(s)

2019-12-07 08:25:06 - [TEST_STEP][PASSED] - click: Object: 'Object Repository/Page_IMIcampaign/RecommendedSettingsAccordion' is clicked on

2019-12-07 08:25:07 - [MESSAGE][PASSED] - Object: 'Object Repository/Page_IMIcampaign/RecommendedSettingsAccordion' is clicked on

2019-12-07 08:25:07 - [TEST_STEP][FAILED] - click: Unable to click on object 'Object Repository/Page_IMIcampaign/FlushBeforeLoadButton' (Root cause: org.openqa.selenium.ElementNotVisibleException: element not visible
  (Session info: chrome=78.0.3904.108)
  (Driver info: chromedriver=2.35.528161 (5b82f2d2aae0ca24b877009200ced9065a772e73),platform=Windows NT 10.0.17134 x86_64) (WARNING: The server did not provide any stacktrace information)
Command duration or timeout: 0 milliseconds
Build info: version: '3.7.1', revision: '8a0099a', time: '2017-11-06T21:07:36.161Z'
System info: host: 'WLPT518', ip: '172.16.41.37', os.name: 'Windows 10', os.arch: 'amd64', os.version: '10.0', java.version: '1.8.0_181'
Driver info: com.kms.katalon.selenium.driver.CChromeDriver
Capabilities {acceptInsecureCerts: false, acceptSslCerts: false, applicationCacheEnabled: false, browserConnectionEnabled: false, browserName: chrome, chrome: {chromedriverVersion: 2.35.528161 (5b82f2d2aae0ca..., userDataDir: C:\Users\chandu.t\AppData\L...}, cssSelectorsEnabled: true, databaseEnabled: false, handlesAlerts: true, hasTouchScreen: false, javascriptEnabled: true, locationContextEnabled: true, mobileEmulationEnabled: false, nativeEvents: true, networkConnectionEnabled: false, pageLoadStrategy: normal, platform: XP, platformName: XP, rotatable: false, setWindowRect: true, takesHeapSnapshot: true, takesScreenshot: true, unexpectedAlertBehaviour: , unhandledPromptBehavior: , version: 78.0.3904.108, webStorageEnabled: true}
Session ID: e234b5a8ae6f4920da021edfd7a0046b)

2019-12-07 08:25:07 - [MESSAGE][FAILED] - Unable to click on object 'Object Repository/Page_IMIcampaign/FlushBeforeLoadButton' (Root cause: org.openqa.selenium.ElementNotVisibleException: element not visible
  (Session info: chrome=78.0.3904.108)
  (Driver info: chromedriver=2.35.528161 (5b82f2d2aae0ca24b877009200ced9065a772e73),platform=Windows NT 10.0.17134 x86_64) (WARNING: The server did not provide any stacktrace information)
Command duration or timeout: 0 milliseconds
Build info: version: '3.7.1', revision: '8a0099a', time: '2017-11-06T21:07:36.161Z'
System info: host: 'WLPT518', ip: '172.16.41.37', os.name: 'Windows 10', os.arch: 'amd64', os.version: '10.0', java.version: '1.8.0_181'
Driver info: com.kms.katalon.selenium.driver.CChromeDriver
Capabilities {acceptInsecureCerts: false, acceptSslCerts: false, applicationCacheEnabled: false, browserConnectionEnabled: false, browserName: chrome, chrome: {chromedriverVersion: 2.35.528161 (5b82f2d2aae0ca..., userDataDir: C:\Users\chandu.t\AppData\L...}, cssSelectorsEnabled: true, databaseEnabled: false, handlesAlerts: true, hasTouchScreen: false, javascriptEnabled: true, locationContextEnabled: true, mobileEmulationEnabled: false, nativeEvents: true, networkConnectionEnabled: false, pageLoadStrategy: normal, platform: XP, platformName: XP, rotatable: false, setWindowRect: true, takesHeapSnapshot: true, takesScreenshot: true, unexpectedAlertBehaviour: , unhandledPromptBehavior: , version: 78.0.3904.108, webStorageEnabled: true}
Session ID: e234b5a8ae6f4920da021edfd7a0046b)
[[ATTACHMENT|C:\\Users\\chandu.t\\Katalon Studio\\QB_Automation\\Reports\\ETLCases\\20191207_082356\\1575687307416.png]]]]></system-out>
         <system-err><![CDATA[2019-12-07 08:24:36 - [TEST_CASE][FAILED] - Test Cases/ETLFlushLoad: Test Cases/ETLFlushLoad FAILED because (of) (Stack trace: com.kms.katalon.core.exception.StepFailedException: Unable to click on object 'Object Repository/Page_IMIcampaign/FlushBeforeLoadButton' (Root cause: org.openqa.selenium.ElementNotVisibleException: element not visible
  (Session info: chrome=78.0.3904.108)
  (Driver info: chromedriver=2.35.528161 (5b82f2d2aae0ca24b877009200ced9065a772e73),platform=Windows NT 10.0.17134 x86_64) (WARNING: The server did not provide any stacktrace information)
Command duration or timeout: 0 milliseconds
Build info: version: '3.7.1', revision: '8a0099a', time: '2017-11-06T21:07:36.161Z'
System info: host: 'WLPT518', ip: '172.16.41.37', os.name: 'Windows 10', os.arch: 'amd64', os.version: '10.0', java.version: '1.8.0_181'
Driver info: com.kms.katalon.selenium.driver.CChromeDriver
Capabilities {acceptInsecureCerts: false, acceptSslCerts: false, applicationCacheEnabled: false, browserConnectionEnabled: false, browserName: chrome, chrome: {chromedriverVersion: 2.35.528161 (5b82f2d2aae0ca..., userDataDir: C:\Users\chandu.t\AppData\L...}, cssSelectorsEnabled: true, databaseEnabled: false, handlesAlerts: true, hasTouchScreen: false, javascriptEnabled: true, locationContextEnabled: true, mobileEmulationEnabled: false, nativeEvents: true, networkConnectionEnabled: false, pageLoadStrategy: normal, platform: XP, platformName: XP, rotatable: false, setWindowRect: true, takesHeapSnapshot: true, takesScreenshot: true, unexpectedAlertBehaviour: , unhandledPromptBehavior: , version: 78.0.3904.108, webStorageEnabled: true}
Session ID: e234b5a8ae6f4920da021edfd7a0046b)
	at com.kms.katalon.core.keyword.internal.KeywordMain.stepFailed(KeywordMain.groovy:36)
	at com.kms.katalon.core.webui.keyword.internal.WebUIKeywordMain.stepFailed(WebUIKeywordMain.groovy:65)
	at com.kms.katalon.core.webui.keyword.internal.WebUIKeywordMain.runKeyword(WebUIKeywordMain.groovy:27)
	at com.kms.katalon.core.webui.keyword.builtin.ClickKeyword.click(ClickKeyword.groovy:86)
	at com.kms.katalon.core.webui.keyword.builtin.ClickKeyword.execute(ClickKeyword.groovy:67)
	at com.kms.katalon.core.keyword.internal.KeywordExecutor.executeKeywordForPlatform(KeywordExecutor.groovy:53)
	at com.kms.katalon.core.webui.keyword.WebUiBuiltInKeywords.click(WebUiBuiltInKeywords.groovy:616)
	at com.kms.katalon.core.webui.keyword.WebUiBuiltInKeywords$click$2.call(Unknown Source)
	at org.codehaus.groovy.runtime.callsite.CallSiteArray.defaultCall(CallSiteArray.java:48)
	at org.codehaus.groovy.runtime.callsite.AbstractCallSite.call(AbstractCallSite.java:113)
	at org.codehaus.groovy.runtime.callsite.AbstractCallSite.call(AbstractCallSite.java:125)
	at Script1575628954574.run(Script1575628954574.groovy:50)
	at com.kms.katalon.core.main.ScriptEngine.run(ScriptEngine.java:183)
	at com.kms.katalon.core.main.ScriptEngine.runScriptAsRawText(ScriptEngine.java:108)
	at com.kms.katalon.core.main.TestCaseExecutor.runScript(TestCaseExecutor.java:294)
	at com.kms.katalon.core.main.TestCaseExecutor.doExecute(TestCaseExecutor.java:285)
	at com.kms.katalon.core.main.TestCaseExecutor.processExecutionPhase(TestCaseExecutor.java:264)
	at com.kms.katalon.core.main.TestCaseExecutor.accessMainPhase(TestCaseExecutor.java:256)
	at com.kms.katalon.core.main.TestCaseExecutor.execute(TestCaseExecutor.java:200)
	at com.kms.katalon.core.main.TestSuiteExecutor.accessTestCaseMainPhase(TestSuiteExecutor.java:129)
	at com.kms.katalon.core.main.TestSuiteExecutor.accessTestSuiteMainPhase(TestSuiteExecutor.java:112)
	at com.kms.katalon.core.main.TestSuiteExecutor.execute(TestSuiteExecutor.java:81)
	at com.kms.katalon.core.main.TestCaseMain.startTestSuite(TestCaseMain.java:142)
	at com.kms.katalon.core.main.TestCaseMain$startTestSuite$0.call(Unknown Source)
	at org.codehaus.groovy.runtime.callsite.CallSiteArray.defaultCall(CallSiteArray.java:48)
	at org.codehaus.groovy.runtime.callsite.AbstractCallSite.call(AbstractCallSite.java:113)
	at org.codehaus.groovy.runtime.callsite.AbstractCallSite.call(AbstractCallSite.java:141)
	at TempTestSuite1575687236185.run(TempTestSuite1575687236185.groovy:36)
	at groovy.lang.GroovyShell.runScriptOrMainOrTestOrRunnable(GroovyShell.java:263)
	at groovy.lang.GroovyShell.run(GroovyShell.java:518)
	at groovy.lang.GroovyShell.run(GroovyShell.java:507)
	at groovy.ui.GroovyMain.processOnce(GroovyMain.java:653)
	at groovy.ui.GroovyMain.run(GroovyMain.java:384)
	at groovy.ui.GroovyMain.process(GroovyMain.java:370)
	at groovy.ui.GroovyMain.processArgs(GroovyMain.java:129)
	at groovy.ui.GroovyMain.main(GroovyMain.java:109)
	at sun.reflect.NativeMethodAccessorImpl.invoke0(Native Method)
	at sun.reflect.NativeMethodAccessorImpl.invoke(NativeMethodAccessorImpl.java:62)
	at sun.reflect.DelegatingMethodAccessorImpl.invoke(DelegatingMethodAccessorImpl.java:43)
	at java.lang.reflect.Method.invoke(Method.java:498)
	at org.codehaus.groovy.tools.GroovyStarter.rootLoader(GroovyStarter.java:109)
	at org.codehaus.groovy.tools.GroovyStarter.main(GroovyStarter.java:131)
)]]></system-err>
      </testcase>
      <system-out><![CDATA[2019-12-07 08:23:59 - [TEST_SUITE][FAILED] - ETLCases: Test Cases/ETLFlushLoad FAILED because (of) (Stack trace: com.kms.katalon.core.exception.StepFailedException: Unable to click on object 'Object Repository/Page_IMIcampaign/FlushBeforeLoadButton' (Root cause: org.openqa.selenium.ElementNotVisibleException: element not visible
  (Session info: chrome=78.0.3904.108)
  (Driver info: chromedriver=2.35.528161 (5b82f2d2aae0ca24b877009200ced9065a772e73),platform=Windows NT 10.0.17134 x86_64) (WARNING: The server did not provide any stacktrace information)
Command duration or timeout: 0 milliseconds
Build info: version: '3.7.1', revision: '8a0099a', time: '2017-11-06T21:07:36.161Z'
System info: host: 'WLPT518', ip: '172.16.41.37', os.name: 'Windows 10', os.arch: 'amd64', os.version: '10.0', java.version: '1.8.0_181'
Driver info: com.kms.katalon.selenium.driver.CChromeDriver
Capabilities {acceptInsecureCerts: false, acceptSslCerts: false, applicationCacheEnabled: false, browserConnectionEnabled: false, browserName: chrome, chrome: {chromedriverVersion: 2.35.528161 (5b82f2d2aae0ca..., userDataDir: C:\Users\chandu.t\AppData\L...}, cssSelectorsEnabled: true, databaseEnabled: false, handlesAlerts: true, hasTouchScreen: false, javascriptEnabled: true, locationContextEnabled: true, mobileEmulationEnabled: false, nativeEvents: true, networkConnectionEnabled: false, pageLoadStrategy: normal, platform: XP, platformName: XP, rotatable: false, setWindowRect: true, takesHeapSnapshot: true, takesScreenshot: true, unexpectedAlertBehaviour: , unhandledPromptBehavior: , version: 78.0.3904.108, webStorageEnabled: true}
Session ID: e234b5a8ae6f4920da021edfd7a0046b)
	at com.kms.katalon.core.keyword.internal.KeywordMain.stepFailed(KeywordMain.groovy:36)
	at com.kms.katalon.core.webui.keyword.internal.WebUIKeywordMain.stepFailed(WebUIKeywordMain.groovy:65)
	at com.kms.katalon.core.webui.keyword.internal.WebUIKeywordMain.runKeyword(WebUIKeywordMain.groovy:27)
	at com.kms.katalon.core.webui.keyword.builtin.ClickKeyword.click(ClickKeyword.groovy:86)
	at com.kms.katalon.core.webui.keyword.builtin.ClickKeyword.execute(ClickKeyword.groovy:67)
	at com.kms.katalon.core.keyword.internal.KeywordExecutor.executeKeywordForPlatform(KeywordExecutor.groovy:53)
	at com.kms.katalon.core.webui.keyword.WebUiBuiltInKeywords.click(WebUiBuiltInKeywords.groovy:616)
	at com.kms.katalon.core.webui.keyword.WebUiBuiltInKeywords$click$2.call(Unknown Source)
	at org.codehaus.groovy.runtime.callsite.CallSiteArray.defaultCall(CallSiteArray.java:48)
	at org.codehaus.groovy.runtime.callsite.AbstractCallSite.call(AbstractCallSite.java:113)
	at org.codehaus.groovy.runtime.callsite.AbstractCallSite.call(AbstractCallSite.java:125)
	at Script1575628954574.run(Script1575628954574.groovy:50)
	at com.kms.katalon.core.main.ScriptEngine.run(ScriptEngine.java:183)
	at com.kms.katalon.core.main.ScriptEngine.runScriptAsRawText(ScriptEngine.java:108)
	at com.kms.katalon.core.main.TestCaseExecutor.runScript(TestCaseExecutor.java:294)
	at com.kms.katalon.core.main.TestCaseExecutor.doExecute(TestCaseExecutor.java:285)
	at com.kms.katalon.core.main.TestCaseExecutor.processExecutionPhase(TestCaseExecutor.java:264)
	at com.kms.katalon.core.main.TestCaseExecutor.accessMainPhase(TestCaseExecutor.java:256)
	at com.kms.katalon.core.main.TestCaseExecutor.execute(TestCaseExecutor.java:200)
	at com.kms.katalon.core.main.TestSuiteExecutor.accessTestCaseMainPhase(TestSuiteExecutor.java:129)
	at com.kms.katalon.core.main.TestSuiteExecutor.accessTestSuiteMainPhase(TestSuiteExecutor.java:112)
	at com.kms.katalon.core.main.TestSuiteExecutor.execute(TestSuiteExecutor.java:81)
	at com.kms.katalon.core.main.TestCaseMain.startTestSuite(TestCaseMain.java:142)
	at com.kms.katalon.core.main.TestCaseMain$startTestSuite$0.call(Unknown Source)
	at org.codehaus.groovy.runtime.callsite.CallSiteArray.defaultCall(CallSiteArray.java:48)
	at org.codehaus.groovy.runtime.callsite.AbstractCallSite.call(AbstractCallSite.java:113)
	at org.codehaus.groovy.runtime.callsite.AbstractCallSite.call(AbstractCallSite.java:141)
	at TempTestSuite1575687236185.run(TempTestSuite1575687236185.groovy:36)
	at groovy.lang.GroovyShell.runScriptOrMainOrTestOrRunnable(GroovyShell.java:263)
	at groovy.lang.GroovyShell.run(GroovyShell.java:518)
	at groovy.lang.GroovyShell.run(GroovyShell.java:507)
	at groovy.ui.GroovyMain.processOnce(GroovyMain.java:653)
	at groovy.ui.GroovyMain.run(GroovyMain.java:384)
	at groovy.ui.GroovyMain.process(GroovyMain.java:370)
	at groovy.ui.GroovyMain.processArgs(GroovyMain.java:129)
	at groovy.ui.GroovyMain.main(GroovyMain.java:109)
	at sun.reflect.NativeMethodAccessorImpl.invoke0(Native Method)
	at sun.reflect.NativeMethodAccessorImpl.invoke(NativeMethodAccessorImpl.java:62)
	at sun.reflect.DelegatingMethodAccessorImpl.invoke(DelegatingMethodAccessorImpl.java:43)
	at java.lang.reflect.Method.invoke(Method.java:498)
	at org.codehaus.groovy.tools.GroovyStarter.rootLoader(GroovyStarter.java:109)
	at org.codehaus.groovy.tools.GroovyStarter.main(GroovyStarter.java:131)
)]]></system-out>
      <system-err><![CDATA[2019-12-07 08:23:59 - [TEST_SUITE][FAILED] - ETLCases: Test Cases/ETLFlushLoad FAILED because (of) (Stack trace: com.kms.katalon.core.exception.StepFailedException: Unable to click on object 'Object Repository/Page_IMIcampaign/FlushBeforeLoadButton' (Root cause: org.openqa.selenium.ElementNotVisibleException: element not visible
  (Session info: chrome=78.0.3904.108)
  (Driver info: chromedriver=2.35.528161 (5b82f2d2aae0ca24b877009200ced9065a772e73),platform=Windows NT 10.0.17134 x86_64) (WARNING: The server did not provide any stacktrace information)
Command duration or timeout: 0 milliseconds
Build info: version: '3.7.1', revision: '8a0099a', time: '2017-11-06T21:07:36.161Z'
System info: host: 'WLPT518', ip: '172.16.41.37', os.name: 'Windows 10', os.arch: 'amd64', os.version: '10.0', java.version: '1.8.0_181'
Driver info: com.kms.katalon.selenium.driver.CChromeDriver
Capabilities {acceptInsecureCerts: false, acceptSslCerts: false, applicationCacheEnabled: false, browserConnectionEnabled: false, browserName: chrome, chrome: {chromedriverVersion: 2.35.528161 (5b82f2d2aae0ca..., userDataDir: C:\Users\chandu.t\AppData\L...}, cssSelectorsEnabled: true, databaseEnabled: false, handlesAlerts: true, hasTouchScreen: false, javascriptEnabled: true, locationContextEnabled: true, mobileEmulationEnabled: false, nativeEvents: true, networkConnectionEnabled: false, pageLoadStrategy: normal, platform: XP, platformName: XP, rotatable: false, setWindowRect: true, takesHeapSnapshot: true, takesScreenshot: true, unexpectedAlertBehaviour: , unhandledPromptBehavior: , version: 78.0.3904.108, webStorageEnabled: true}
Session ID: e234b5a8ae6f4920da021edfd7a0046b)
	at com.kms.katalon.core.keyword.internal.KeywordMain.stepFailed(KeywordMain.groovy:36)
	at com.kms.katalon.core.webui.keyword.internal.WebUIKeywordMain.stepFailed(WebUIKeywordMain.groovy:65)
	at com.kms.katalon.core.webui.keyword.internal.WebUIKeywordMain.runKeyword(WebUIKeywordMain.groovy:27)
	at com.kms.katalon.core.webui.keyword.builtin.ClickKeyword.click(ClickKeyword.groovy:86)
	at com.kms.katalon.core.webui.keyword.builtin.ClickKeyword.execute(ClickKeyword.groovy:67)
	at com.kms.katalon.core.keyword.internal.KeywordExecutor.executeKeywordForPlatform(KeywordExecutor.groovy:53)
	at com.kms.katalon.core.webui.keyword.WebUiBuiltInKeywords.click(WebUiBuiltInKeywords.groovy:616)
	at com.kms.katalon.core.webui.keyword.WebUiBuiltInKeywords$click$2.call(Unknown Source)
	at org.codehaus.groovy.runtime.callsite.CallSiteArray.defaultCall(CallSiteArray.java:48)
	at org.codehaus.groovy.runtime.callsite.AbstractCallSite.call(AbstractCallSite.java:113)
	at org.codehaus.groovy.runtime.callsite.AbstractCallSite.call(AbstractCallSite.java:125)
	at Script1575628954574.run(Script1575628954574.groovy:50)
	at com.kms.katalon.core.main.ScriptEngine.run(ScriptEngine.java:183)
	at com.kms.katalon.core.main.ScriptEngine.runScriptAsRawText(ScriptEngine.java:108)
	at com.kms.katalon.core.main.TestCaseExecutor.runScript(TestCaseExecutor.java:294)
	at com.kms.katalon.core.main.TestCaseExecutor.doExecute(TestCaseExecutor.java:285)
	at com.kms.katalon.core.main.TestCaseExecutor.processExecutionPhase(TestCaseExecutor.java:264)
	at com.kms.katalon.core.main.TestCaseExecutor.accessMainPhase(TestCaseExecutor.java:256)
	at com.kms.katalon.core.main.TestCaseExecutor.execute(TestCaseExecutor.java:200)
	at com.kms.katalon.core.main.TestSuiteExecutor.accessTestCaseMainPhase(TestSuiteExecutor.java:129)
	at com.kms.katalon.core.main.TestSuiteExecutor.accessTestSuiteMainPhase(TestSuiteExecutor.java:112)
	at com.kms.katalon.core.main.TestSuiteExecutor.execute(TestSuiteExecutor.java:81)
	at com.kms.katalon.core.main.TestCaseMain.startTestSuite(TestCaseMain.java:142)
	at com.kms.katalon.core.main.TestCaseMain$startTestSuite$0.call(Unknown Source)
	at org.codehaus.groovy.runtime.callsite.CallSiteArray.defaultCall(CallSiteArray.java:48)
	at org.codehaus.groovy.runtime.callsite.AbstractCallSite.call(AbstractCallSite.java:113)
	at org.codehaus.groovy.runtime.callsite.AbstractCallSite.call(AbstractCallSite.java:141)
	at TempTestSuite1575687236185.run(TempTestSuite1575687236185.groovy:36)
	at groovy.lang.GroovyShell.runScriptOrMainOrTestOrRunnable(GroovyShell.java:263)
	at groovy.lang.GroovyShell.run(GroovyShell.java:518)
	at groovy.lang.GroovyShell.run(GroovyShell.java:507)
	at groovy.ui.GroovyMain.processOnce(GroovyMain.java:653)
	at groovy.ui.GroovyMain.run(GroovyMain.java:384)
	at groovy.ui.GroovyMain.process(GroovyMain.java:370)
	at groovy.ui.GroovyMain.processArgs(GroovyMain.java:129)
	at groovy.ui.GroovyMain.main(GroovyMain.java:109)
	at sun.reflect.NativeMethodAccessorImpl.invoke0(Native Method)
	at sun.reflect.NativeMethodAccessorImpl.invoke(NativeMethodAccessorImpl.java:62)
	at sun.reflect.DelegatingMethodAccessorImpl.invoke(DelegatingMethodAccessorImpl.java:43)
	at java.lang.reflect.Method.invoke(Method.java:498)
	at org.codehaus.groovy.tools.GroovyStarter.rootLoader(GroovyStarter.java:109)
	at org.codehaus.groovy.tools.GroovyStarter.main(GroovyStarter.java:131)
)]]></system-err>
   </testsuite>
</testsuites>
